{"C:\\Users\\degti\\VSCode\\jsaqa-code\\7.3\\jest\\app.js": {"path":"C:\\Users\\degti\\VSCode\\jsaqa-code\\7.3\\jest\\app.js","statementMap":{"0":{"start":{"line":2,"column":2},"end":{"line":10,"column":5}},"1":{"start":{"line":3,"column":16},"end":{"line":3,"column":31}},"2":{"start":{"line":4,"column":14},"end":{"line":4,"column":29}},"3":{"start":{"line":5,"column":4},"end":{"line":7,"column":16}},"4":{"start":{"line":7,"column":6},"end":{"line":7,"column":16}},"5":{"start":{"line":8,"column":4},"end":{"line":8,"column":32}},"6":{"start":{"line":8,"column":23},"end":{"line":8,"column":32}},"7":{"start":{"line":9,"column":4},"end":{"line":9,"column":13}},"8":{"start":{"line":11,"column":2},"end":{"line":11,"column":20}},"9":{"start":{"line":14,"column":0},"end":{"line":14,"column":32}}},"fnMap":{"0":{"name":"sortByName","decl":{"start":{"line":1,"column":9},"end":{"line":1,"column":19}},"loc":{"start":{"line":1,"column":32},"end":{"line":12,"column":1}},"line":1},"1":{"name":"(anonymous_1)","decl":{"start":{"line":2,"column":18},"end":{"line":2,"column":19}},"loc":{"start":{"line":2,"column":34},"end":{"line":10,"column":3}},"line":2}},"branchMap":{"0":{"loc":{"start":{"line":5,"column":4},"end":{"line":7,"column":16}},"type":"if","locations":[{"start":{"line":5,"column":4},"end":{"line":7,"column":16}},{"start":{},"end":{}}],"line":5},"1":{"loc":{"start":{"line":8,"column":4},"end":{"line":8,"column":32}},"type":"if","locations":[{"start":{"line":8,"column":4},"end":{"line":8,"column":32}},{"start":{},"end":{}}],"line":8}},"s":{"0":2,"1":6,"2":6,"3":6,"4":2,"5":4,"6":2,"7":2,"8":2,"9":1},"f":{"0":2,"1":6},"b":{"0":[2,4],"1":[2,2]},"_coverageSchema":"1a1c01bbd47fc00a2c39e90264f33305004495a9","hash":"6677a703ed0ff44b9fbc2a15f88cf896f796141d"}
,"C:\\Users\\degti\\VSCode\\jsaqa-code\\7.5\\puppeteer-2\\lib\\commands.js": {"path":"C:\\Users\\degti\\VSCode\\jsaqa-code\\7.5\\puppeteer-2\\lib\\commands.js","statementMap":{"0":{"start":{"line":1,"column":0},"end":{"line":28,"column":2}},"1":{"start":{"line":3,"column":4},"end":{"line":8,"column":5}},"2":{"start":{"line":4,"column":6},"end":{"line":4,"column":43}},"3":{"start":{"line":5,"column":6},"end":{"line":5,"column":33}},"4":{"start":{"line":7,"column":6},"end":{"line":7,"column":64}},"5":{"start":{"line":11,"column":4},"end":{"line":16,"column":5}},"6":{"start":{"line":12,"column":6},"end":{"line":12,"column":43}},"7":{"start":{"line":13,"column":6},"end":{"line":13,"column":68}},"8":{"start":{"line":13,"column":50},"end":{"line":13,"column":66}},"9":{"start":{"line":15,"column":6},"end":{"line":15,"column":73}},"10":{"start":{"line":19,"column":4},"end":{"line":26,"column":5}},"11":{"start":{"line":20,"column":25},"end":{"line":20,"column":47}},"12":{"start":{"line":21,"column":6},"end":{"line":21,"column":31}},"13":{"start":{"line":22,"column":6},"end":{"line":22,"column":34}},"14":{"start":{"line":23,"column":6},"end":{"line":23,"column":41}},"15":{"start":{"line":25,"column":6},"end":{"line":25,"column":77}}},"fnMap":{"0":{"name":"(anonymous_0)","decl":{"start":{"line":2,"column":16},"end":{"line":2,"column":17}},"loc":{"start":{"line":2,"column":48},"end":{"line":9,"column":3}},"line":2},"1":{"name":"(anonymous_1)","decl":{"start":{"line":10,"column":11},"end":{"line":10,"column":12}},"loc":{"start":{"line":10,"column":43},"end":{"line":17,"column":3}},"line":10},"2":{"name":"(anonymous_2)","decl":{"start":{"line":13,"column":40},"end":{"line":13,"column":41}},"loc":{"start":{"line":13,"column":50},"end":{"line":13,"column":66}},"line":13},"3":{"name":"(anonymous_3)","decl":{"start":{"line":18,"column":11},"end":{"line":18,"column":12}},"loc":{"start":{"line":18,"column":49},"end":{"line":27,"column":3}},"line":18}},"branchMap":{},"s":{"0":1,"1":0,"2":0,"3":0,"4":0,"5":0,"6":0,"7":0,"8":0,"9":0,"10":0,"11":0,"12":0,"13":0,"14":0,"15":0},"f":{"0":0,"1":0,"2":0,"3":0},"b":{},"_coverageSchema":"1a1c01bbd47fc00a2c39e90264f33305004495a9","hash":"c5baca3bcecb59e4c16296ecd1ca18839be89a1c"}
,"C:\\Users\\degti\\VSCode\\jsaqa-code\\7.5\\puppeteer-2\\lib\\util.js": {"path":"C:\\Users\\degti\\VSCode\\jsaqa-code\\7.5\\puppeteer-2\\lib\\util.js","statementMap":{"0":{"start":{"line":1,"column":0},"end":{"line":12,"column":2}},"1":{"start":{"line":3,"column":15},"end":{"line":3,"column":17}},"2":{"start":{"line":4,"column":16},"end":{"line":4,"column":42}},"3":{"start":{"line":5,"column":21},"end":{"line":5,"column":33}},"4":{"start":{"line":6,"column":4},"end":{"line":9,"column":5}},"5":{"start":{"line":6,"column":17},"end":{"line":6,"column":18}},"6":{"start":{"line":8,"column":6},"end":{"line":8,"column":67}},"7":{"start":{"line":10,"column":4},"end":{"line":10,"column":16}}},"fnMap":{"0":{"name":"(anonymous_0)","decl":{"start":{"line":2,"column":16},"end":{"line":2,"column":17}},"loc":{"start":{"line":2,"column":34},"end":{"line":11,"column":3}},"line":2}},"branchMap":{},"s":{"0":1,"1":0,"2":0,"3":0,"4":0,"5":0,"6":0,"7":0},"f":{"0":0},"b":{},"_coverageSchema":"1a1c01bbd47fc00a2c39e90264f33305004495a9","hash":"06f49eedba3fa8d1e99f51042afd8dcf886f5dc5"}
}
