TN:
SF:7.3\jest\app.js
FN:1,sortByName
FN:2,(anonymous_1)
FNF:2
FNH:2
FNDA:2,sortByName
FNDA:6,(anonymous_1)
DA:2,2
DA:3,6
DA:4,6
DA:5,6
DA:7,2
DA:8,4
DA:9,2
DA:11,2
DA:14,1
LF:9
LH:9
BRDA:5,0,0,2
BRDA:5,0,1,4
BRDA:8,1,0,2
BRDA:8,1,1,2
BRF:4
BRH:4
end_of_record
TN:
SF:7.5\puppeteer-2\lib\commands.js
FN:2,(anonymous_0)
FN:10,(anonymous_1)
FN:13,(anonymous_2)
FN:18,(anonymous_3)
FNF:4
FNH:0
FNDA:0,(anonymous_0)
FNDA:0,(anonymous_1)
FNDA:0,(anonymous_2)
FNDA:0,(anonymous_3)
DA:1,1
DA:3,0
DA:4,0
DA:5,0
DA:7,0
DA:11,0
DA:12,0
DA:13,0
DA:15,0
DA:19,0
DA:20,0
DA:21,0
DA:22,0
DA:23,0
DA:25,0
LF:15
LH:1
BRF:0
BRH:0
end_of_record
TN:
SF:7.5\puppeteer-2\lib\util.js
FN:2,(anonymous_0)
FNF:1
FNH:0
FNDA:0,(anonymous_0)
DA:1,1
DA:3,0
DA:4,0
DA:5,0
DA:6,0
DA:8,0
DA:10,0
LF:7
LH:1
BRF:0
BRH:0
end_of_record
